DEBUG - 2025-11-15 00:18:35 --> Session: Class initialized using 'CodeIgniter\Session\Handlers\FileHandler' driver.
DEBUG - 2025-11-15 00:18:35 --> Session: Class initialized using 'CodeIgniter\Session\Handlers\FileHandler' driver.
DEBUG - 2025-11-15 00:18:40 --> Session: Class initialized using 'CodeIgniter\Session\Handlers\FileHandler' driver.
DEBUG - 2025-11-15 00:18:41 --> Session: Class initialized using 'CodeIgniter\Session\Handlers\FileHandler' driver.
DEBUG - 2025-11-15 00:18:41 --> Session: Class initialized using 'CodeIgniter\Session\Handlers\FileHandler' driver.
DEBUG - 2025-11-15 00:18:44 --> Session: Class initialized using 'CodeIgniter\Session\Handlers\FileHandler' driver.
DEBUG - 2025-11-15 00:18:45 --> Session: Class initialized using 'CodeIgniter\Session\Handlers\FileHandler' driver.
DEBUG - 2025-11-15 00:18:46 --> Session: Class initialized using 'CodeIgniter\Session\Handlers\FileHandler' driver.
DEBUG - 2025-11-15 00:18:46 --> Session: Class initialized using 'CodeIgniter\Session\Handlers\FileHandler' driver.
DEBUG - 2025-11-15 00:18:50 --> Session: Class initialized using 'CodeIgniter\Session\Handlers\FileHandler' driver.
DEBUG - 2025-11-15 00:18:53 --> Session: Class initialized using 'CodeIgniter\Session\Handlers\FileHandler' driver.
DEBUG - 2025-11-15 00:18:56 --> Session: Class initialized using 'CodeIgniter\Session\Handlers\FileHandler' driver.
DEBUG - 2025-11-15 00:19:04 --> Session: Class initialized using 'CodeIgniter\Session\Handlers\FileHandler' driver.
DEBUG - 2025-11-15 00:19:04 --> Session: Class initialized using 'CodeIgniter\Session\Handlers\FileHandler' driver.
DEBUG - 2025-11-15 00:21:04 --> Session: Class initialized using 'CodeIgniter\Session\Handlers\FileHandler' driver.
DEBUG - 2025-11-15 00:21:08 --> Session: Class initialized using 'CodeIgniter\Session\Handlers\FileHandler' driver.
DEBUG - 2025-11-15 00:21:09 --> Session: Class initialized using 'CodeIgniter\Session\Handlers\FileHandler' driver.
DEBUG - 2025-11-15 00:21:11 --> Session: Class initialized using 'CodeIgniter\Session\Handlers\FileHandler' driver.
DEBUG - 2025-11-15 00:21:11 --> Session: Class initialized using 'CodeIgniter\Session\Handlers\FileHandler' driver.
DEBUG - 2025-11-15 00:21:11 --> Session: Class initialized using 'CodeIgniter\Session\Handlers\FileHandler' driver.
DEBUG - 2025-11-15 00:21:13 --> Session: Class initialized using 'CodeIgniter\Session\Handlers\FileHandler' driver.
DEBUG - 2025-11-15 00:21:17 --> Session: Class initialized using 'CodeIgniter\Session\Handlers\FileHandler' driver.
DEBUG - 2025-11-15 00:21:30 --> Session: Class initialized using 'CodeIgniter\Session\Handlers\FileHandler' driver.
DEBUG - 2025-11-15 00:21:36 --> Session: Class initialized using 'CodeIgniter\Session\Handlers\FileHandler' driver.
ERROR - 2025-11-15 00:21:36 --> mysqli_sql_exception: Unknown column 'metode_pembayaran' in 'field list' in D:\laragon\www\UD.THJ\system\Database\MySQLi\Connection.php:327
Stack trace:
#0 D:\laragon\www\UD.THJ\system\Database\MySQLi\Connection.php(327): mysqli->query('INSERT INTO `pe...', 0)
#1 D:\laragon\www\UD.THJ\system\Database\BaseConnection.php(738): CodeIgniter\Database\MySQLi\Connection->execute('INSERT INTO `pe...')
#2 D:\laragon\www\UD.THJ\system\Database\BaseConnection.php(652): CodeIgniter\Database\BaseConnection->simpleQuery('INSERT INTO `pe...')
#3 D:\laragon\www\UD.THJ\system\Database\BaseBuilder.php(2345): CodeIgniter\Database\BaseConnection->query('INSERT INTO `pe...', Array, false)
#4 D:\laragon\www\UD.THJ\system\Model.php(394): CodeIgniter\Database\BaseBuilder->insert()
#5 D:\laragon\www\UD.THJ\system\BaseModel.php(843): CodeIgniter\Model->doInsert(Array)
#6 D:\laragon\www\UD.THJ\system\Model.php(800): CodeIgniter\BaseModel->insert(Array, true)
#7 D:\laragon\www\UD.THJ\app\Controllers\PenjualanController.php(120): CodeIgniter\Model->insert(Array)
#8 D:\laragon\www\UD.THJ\system\CodeIgniter.php(933): App\Controllers\PenjualanController->store_penjualan()
#9 D:\laragon\www\UD.THJ\system\CodeIgniter.php(507): CodeIgniter\CodeIgniter->runController(Object(App\Controllers\PenjualanController))
#10 D:\laragon\www\UD.THJ\system\CodeIgniter.php(354): CodeIgniter\CodeIgniter->handleRequest(NULL, Object(Config\Cache), false)
#11 D:\laragon\www\UD.THJ\system\Boot.php(334): CodeIgniter\CodeIgniter->run()
#12 D:\laragon\www\UD.THJ\system\Boot.php(67): CodeIgniter\Boot::runCodeIgniter(Object(CodeIgniter\CodeIgniter))
#13 D:\laragon\www\UD.THJ\public\index.php(59): CodeIgniter\Boot::bootWeb(Object(Config\Paths))
#14 D:\laragon\www\UD.THJ\system\rewrite.php(44): require_once('D:\\laragon\\www\\...')
#15 {main}
ERROR - 2025-11-15 00:21:36 --> mysqli_sql_exception: Cannot add or update a child row: a foreign key constraint fails (`ud_thj_db`.`detail_penjualan`, CONSTRAINT `detail_id_penjualan_foreign` FOREIGN KEY (`id_penjualan`) REFERENCES `penjualan` (`id_penjualan`) ON DELETE CASCADE ON UPDATE CASCADE) in D:\laragon\www\UD.THJ\system\Database\MySQLi\Connection.php:327
Stack trace:
#0 D:\laragon\www\UD.THJ\system\Database\MySQLi\Connection.php(327): mysqli->query('INSERT INTO `de...', 0)
#1 D:\laragon\www\UD.THJ\system\Database\BaseConnection.php(738): CodeIgniter\Database\MySQLi\Connection->execute('INSERT INTO `de...')
#2 D:\laragon\www\UD.THJ\system\Database\BaseConnection.php(652): CodeIgniter\Database\BaseConnection->simpleQuery('INSERT INTO `de...')
#3 D:\laragon\www\UD.THJ\system\Database\BaseBuilder.php(1841): CodeIgniter\Database\BaseConnection->query('INSERT INTO `de...', NULL, false)
#4 D:\laragon\www\UD.THJ\system\Database\BaseBuilder.php(2230): CodeIgniter\Database\BaseBuilder->batchExecute('_insertBatch', 100)
#5 D:\laragon\www\UD.THJ\system\Model.php(428): CodeIgniter\Database\BaseBuilder->insertBatch(Array, NULL, 100)
#6 D:\laragon\www\UD.THJ\system\BaseModel.php(963): CodeIgniter\Model->doInsertBatch(Array, NULL, 100, false)
#7 D:\laragon\www\UD.THJ\app\Controllers\PenjualanController.php(144): CodeIgniter\BaseModel->insertBatch(Array)
#8 D:\laragon\www\UD.THJ\system\CodeIgniter.php(933): App\Controllers\PenjualanController->store_penjualan()
#9 D:\laragon\www\UD.THJ\system\CodeIgniter.php(507): CodeIgniter\CodeIgniter->runController(Object(App\Controllers\PenjualanController))
#10 D:\laragon\www\UD.THJ\system\CodeIgniter.php(354): CodeIgniter\CodeIgniter->handleRequest(NULL, Object(Config\Cache), false)
#11 D:\laragon\www\UD.THJ\system\Boot.php(334): CodeIgniter\CodeIgniter->run()
#12 D:\laragon\www\UD.THJ\system\Boot.php(67): CodeIgniter\Boot::runCodeIgniter(Object(CodeIgniter\CodeIgniter))
#13 D:\laragon\www\UD.THJ\public\index.php(59): CodeIgniter\Boot::bootWeb(Object(Config\Paths))
#14 D:\laragon\www\UD.THJ\system\rewrite.php(44): require_once('D:\\laragon\\www\\...')
#15 {main}
DEBUG - 2025-11-15 00:21:36 --> Session: Class initialized using 'CodeIgniter\Session\Handlers\FileHandler' driver.
DEBUG - 2025-11-15 00:21:39 --> Session: Class initialized using 'CodeIgniter\Session\Handlers\FileHandler' driver.
DEBUG - 2025-11-15 00:21:40 --> Session: Class initialized using 'CodeIgniter\Session\Handlers\FileHandler' driver.
DEBUG - 2025-11-15 00:21:42 --> Session: Class initialized using 'CodeIgniter\Session\Handlers\FileHandler' driver.
DEBUG - 2025-11-15 00:21:43 --> Session: Class initialized using 'CodeIgniter\Session\Handlers\FileHandler' driver.
DEBUG - 2025-11-15 00:23:53 --> Session: Class initialized using 'CodeIgniter\Session\Handlers\FileHandler' driver.
DEBUG - 2025-11-15 00:23:56 --> Session: Class initialized using 'CodeIgniter\Session\Handlers\FileHandler' driver.
DEBUG - 2025-11-15 00:24:01 --> Session: Class initialized using 'CodeIgniter\Session\Handlers\FileHandler' driver.
DEBUG - 2025-11-15 00:24:02 --> Session: Class initialized using 'CodeIgniter\Session\Handlers\FileHandler' driver.
DEBUG - 2025-11-15 00:24:09 --> Session: Class initialized using 'CodeIgniter\Session\Handlers\FileHandler' driver.
ERROR - 2025-11-15 00:24:09 --> mysqli_sql_exception: Unknown column 'metode_pembayaran' in 'field list' in D:\laragon\www\UD.THJ\system\Database\MySQLi\Connection.php:327
Stack trace:
#0 D:\laragon\www\UD.THJ\system\Database\MySQLi\Connection.php(327): mysqli->query('INSERT INTO `pe...', 0)
#1 D:\laragon\www\UD.THJ\system\Database\BaseConnection.php(738): CodeIgniter\Database\MySQLi\Connection->execute('INSERT INTO `pe...')
#2 D:\laragon\www\UD.THJ\system\Database\BaseConnection.php(652): CodeIgniter\Database\BaseConnection->simpleQuery('INSERT INTO `pe...')
#3 D:\laragon\www\UD.THJ\system\Database\BaseBuilder.php(2345): CodeIgniter\Database\BaseConnection->query('INSERT INTO `pe...', Array, false)
#4 D:\laragon\www\UD.THJ\system\Model.php(394): CodeIgniter\Database\BaseBuilder->insert()
#5 D:\laragon\www\UD.THJ\system\BaseModel.php(843): CodeIgniter\Model->doInsert(Array)
#6 D:\laragon\www\UD.THJ\system\Model.php(800): CodeIgniter\BaseModel->insert(Array, true)
#7 D:\laragon\www\UD.THJ\app\Controllers\PenjualanController.php(120): CodeIgniter\Model->insert(Array)
#8 D:\laragon\www\UD.THJ\system\CodeIgniter.php(933): App\Controllers\PenjualanController->store_penjualan()
#9 D:\laragon\www\UD.THJ\system\CodeIgniter.php(507): CodeIgniter\CodeIgniter->runController(Object(App\Controllers\PenjualanController))
#10 D:\laragon\www\UD.THJ\system\CodeIgniter.php(354): CodeIgniter\CodeIgniter->handleRequest(NULL, Object(Config\Cache), false)
#11 D:\laragon\www\UD.THJ\system\Boot.php(334): CodeIgniter\CodeIgniter->run()
#12 D:\laragon\www\UD.THJ\system\Boot.php(67): CodeIgniter\Boot::runCodeIgniter(Object(CodeIgniter\CodeIgniter))
#13 D:\laragon\www\UD.THJ\public\index.php(59): CodeIgniter\Boot::bootWeb(Object(Config\Paths))
#14 D:\laragon\www\UD.THJ\system\rewrite.php(44): require_once('D:\\laragon\\www\\...')
#15 {main}
ERROR - 2025-11-15 00:24:09 --> mysqli_sql_exception: Cannot add or update a child row: a foreign key constraint fails (`ud_thj_db`.`detail_penjualan`, CONSTRAINT `detail_id_penjualan_foreign` FOREIGN KEY (`id_penjualan`) REFERENCES `penjualan` (`id_penjualan`) ON DELETE CASCADE ON UPDATE CASCADE) in D:\laragon\www\UD.THJ\system\Database\MySQLi\Connection.php:327
Stack trace:
#0 D:\laragon\www\UD.THJ\system\Database\MySQLi\Connection.php(327): mysqli->query('INSERT INTO `de...', 0)
#1 D:\laragon\www\UD.THJ\system\Database\BaseConnection.php(738): CodeIgniter\Database\MySQLi\Connection->execute('INSERT INTO `de...')
#2 D:\laragon\www\UD.THJ\system\Database\BaseConnection.php(652): CodeIgniter\Database\BaseConnection->simpleQuery('INSERT INTO `de...')
#3 D:\laragon\www\UD.THJ\system\Database\BaseBuilder.php(1841): CodeIgniter\Database\BaseConnection->query('INSERT INTO `de...', NULL, false)
#4 D:\laragon\www\UD.THJ\system\Database\BaseBuilder.php(2230): CodeIgniter\Database\BaseBuilder->batchExecute('_insertBatch', 100)
#5 D:\laragon\www\UD.THJ\system\Model.php(428): CodeIgniter\Database\BaseBuilder->insertBatch(Array, NULL, 100)
#6 D:\laragon\www\UD.THJ\system\BaseModel.php(963): CodeIgniter\Model->doInsertBatch(Array, NULL, 100, false)
#7 D:\laragon\www\UD.THJ\app\Controllers\PenjualanController.php(144): CodeIgniter\BaseModel->insertBatch(Array)
#8 D:\laragon\www\UD.THJ\system\CodeIgniter.php(933): App\Controllers\PenjualanController->store_penjualan()
#9 D:\laragon\www\UD.THJ\system\CodeIgniter.php(507): CodeIgniter\CodeIgniter->runController(Object(App\Controllers\PenjualanController))
#10 D:\laragon\www\UD.THJ\system\CodeIgniter.php(354): CodeIgniter\CodeIgniter->handleRequest(NULL, Object(Config\Cache), false)
#11 D:\laragon\www\UD.THJ\system\Boot.php(334): CodeIgniter\CodeIgniter->run()
#12 D:\laragon\www\UD.THJ\system\Boot.php(67): CodeIgniter\Boot::runCodeIgniter(Object(CodeIgniter\CodeIgniter))
#13 D:\laragon\www\UD.THJ\public\index.php(59): CodeIgniter\Boot::bootWeb(Object(Config\Paths))
#14 D:\laragon\www\UD.THJ\system\rewrite.php(44): require_once('D:\\laragon\\www\\...')
#15 {main}
DEBUG - 2025-11-15 00:24:09 --> Session: Class initialized using 'CodeIgniter\Session\Handlers\FileHandler' driver.
DEBUG - 2025-11-15 00:24:13 --> Session: Class initialized using 'CodeIgniter\Session\Handlers\FileHandler' driver.
DEBUG - 2025-11-15 00:26:18 --> Session: Class initialized using 'CodeIgniter\Session\Handlers\FileHandler' driver.
DEBUG - 2025-11-15 00:26:20 --> Session: Class initialized using 'CodeIgniter\Session\Handlers\FileHandler' driver.
DEBUG - 2025-11-15 00:26:21 --> Session: Class initialized using 'CodeIgniter\Session\Handlers\FileHandler' driver.
DEBUG - 2025-11-15 00:26:23 --> Session: Class initialized using 'CodeIgniter\Session\Handlers\FileHandler' driver.
DEBUG - 2025-11-15 00:26:26 --> Session: Class initialized using 'CodeIgniter\Session\Handlers\FileHandler' driver.
ERROR - 2025-11-15 00:26:26 --> mysqli_sql_exception: Unknown column 'metode_pembayaran' in 'field list' in D:\laragon\www\UD.THJ\system\Database\MySQLi\Connection.php:327
Stack trace:
#0 D:\laragon\www\UD.THJ\system\Database\MySQLi\Connection.php(327): mysqli->query('INSERT INTO `pe...', 0)
#1 D:\laragon\www\UD.THJ\system\Database\BaseConnection.php(738): CodeIgniter\Database\MySQLi\Connection->execute('INSERT INTO `pe...')
#2 D:\laragon\www\UD.THJ\system\Database\BaseConnection.php(652): CodeIgniter\Database\BaseConnection->simpleQuery('INSERT INTO `pe...')
#3 D:\laragon\www\UD.THJ\system\Database\BaseBuilder.php(2345): CodeIgniter\Database\BaseConnection->query('INSERT INTO `pe...', Array, false)
#4 D:\laragon\www\UD.THJ\system\Model.php(394): CodeIgniter\Database\BaseBuilder->insert()
#5 D:\laragon\www\UD.THJ\system\BaseModel.php(843): CodeIgniter\Model->doInsert(Array)
#6 D:\laragon\www\UD.THJ\system\Model.php(800): CodeIgniter\BaseModel->insert(Array, true)
#7 D:\laragon\www\UD.THJ\app\Controllers\PenjualanController.php(120): CodeIgniter\Model->insert(Array)
#8 D:\laragon\www\UD.THJ\system\CodeIgniter.php(933): App\Controllers\PenjualanController->store_penjualan()
#9 D:\laragon\www\UD.THJ\system\CodeIgniter.php(507): CodeIgniter\CodeIgniter->runController(Object(App\Controllers\PenjualanController))
#10 D:\laragon\www\UD.THJ\system\CodeIgniter.php(354): CodeIgniter\CodeIgniter->handleRequest(NULL, Object(Config\Cache), false)
#11 D:\laragon\www\UD.THJ\system\Boot.php(334): CodeIgniter\CodeIgniter->run()
#12 D:\laragon\www\UD.THJ\system\Boot.php(67): CodeIgniter\Boot::runCodeIgniter(Object(CodeIgniter\CodeIgniter))
#13 D:\laragon\www\UD.THJ\public\index.php(59): CodeIgniter\Boot::bootWeb(Object(Config\Paths))
#14 D:\laragon\www\UD.THJ\system\rewrite.php(44): require_once('D:\\laragon\\www\\...')
#15 {main}
ERROR - 2025-11-15 00:26:26 --> mysqli_sql_exception: Cannot add or update a child row: a foreign key constraint fails (`ud_thj_db`.`detail_penjualan`, CONSTRAINT `detail_id_penjualan_foreign` FOREIGN KEY (`id_penjualan`) REFERENCES `penjualan` (`id_penjualan`) ON DELETE CASCADE ON UPDATE CASCADE) in D:\laragon\www\UD.THJ\system\Database\MySQLi\Connection.php:327
Stack trace:
#0 D:\laragon\www\UD.THJ\system\Database\MySQLi\Connection.php(327): mysqli->query('INSERT INTO `de...', 0)
#1 D:\laragon\www\UD.THJ\system\Database\BaseConnection.php(738): CodeIgniter\Database\MySQLi\Connection->execute('INSERT INTO `de...')
#2 D:\laragon\www\UD.THJ\system\Database\BaseConnection.php(652): CodeIgniter\Database\BaseConnection->simpleQuery('INSERT INTO `de...')
#3 D:\laragon\www\UD.THJ\system\Database\BaseBuilder.php(1841): CodeIgniter\Database\BaseConnection->query('INSERT INTO `de...', NULL, false)
#4 D:\laragon\www\UD.THJ\system\Database\BaseBuilder.php(2230): CodeIgniter\Database\BaseBuilder->batchExecute('_insertBatch', 100)
#5 D:\laragon\www\UD.THJ\system\Model.php(428): CodeIgniter\Database\BaseBuilder->insertBatch(Array, NULL, 100)
#6 D:\laragon\www\UD.THJ\system\BaseModel.php(963): CodeIgniter\Model->doInsertBatch(Array, NULL, 100, false)
#7 D:\laragon\www\UD.THJ\app\Controllers\PenjualanController.php(144): CodeIgniter\BaseModel->insertBatch(Array)
#8 D:\laragon\www\UD.THJ\system\CodeIgniter.php(933): App\Controllers\PenjualanController->store_penjualan()
#9 D:\laragon\www\UD.THJ\system\CodeIgniter.php(507): CodeIgniter\CodeIgniter->runController(Object(App\Controllers\PenjualanController))
#10 D:\laragon\www\UD.THJ\system\CodeIgniter.php(354): CodeIgniter\CodeIgniter->handleRequest(NULL, Object(Config\Cache), false)
#11 D:\laragon\www\UD.THJ\system\Boot.php(334): CodeIgniter\CodeIgniter->run()
#12 D:\laragon\www\UD.THJ\system\Boot.php(67): CodeIgniter\Boot::runCodeIgniter(Object(CodeIgniter\CodeIgniter))
#13 D:\laragon\www\UD.THJ\public\index.php(59): CodeIgniter\Boot::bootWeb(Object(Config\Paths))
#14 D:\laragon\www\UD.THJ\system\rewrite.php(44): require_once('D:\\laragon\\www\\...')
#15 {main}
DEBUG - 2025-11-15 00:27:42 --> Session: Class initialized using 'CodeIgniter\Session\Handlers\FileHandler' driver.
ERROR - 2025-11-15 00:27:42 --> mysqli_sql_exception: Unknown column 'metode_pembayaran' in 'field list' in D:\laragon\www\UD.THJ\system\Database\MySQLi\Connection.php:327
Stack trace:
#0 D:\laragon\www\UD.THJ\system\Database\MySQLi\Connection.php(327): mysqli->query('INSERT INTO `pe...', 0)
#1 D:\laragon\www\UD.THJ\system\Database\BaseConnection.php(738): CodeIgniter\Database\MySQLi\Connection->execute('INSERT INTO `pe...')
#2 D:\laragon\www\UD.THJ\system\Database\BaseConnection.php(652): CodeIgniter\Database\BaseConnection->simpleQuery('INSERT INTO `pe...')
#3 D:\laragon\www\UD.THJ\system\Database\BaseBuilder.php(2345): CodeIgniter\Database\BaseConnection->query('INSERT INTO `pe...', Array, false)
#4 D:\laragon\www\UD.THJ\system\Model.php(394): CodeIgniter\Database\BaseBuilder->insert()
#5 D:\laragon\www\UD.THJ\system\BaseModel.php(843): CodeIgniter\Model->doInsert(Array)
#6 D:\laragon\www\UD.THJ\system\Model.php(800): CodeIgniter\BaseModel->insert(Array, true)
#7 D:\laragon\www\UD.THJ\app\Controllers\PenjualanController.php(120): CodeIgniter\Model->insert(Array)
#8 D:\laragon\www\UD.THJ\system\CodeIgniter.php(933): App\Controllers\PenjualanController->store_penjualan()
#9 D:\laragon\www\UD.THJ\system\CodeIgniter.php(507): CodeIgniter\CodeIgniter->runController(Object(App\Controllers\PenjualanController))
#10 D:\laragon\www\UD.THJ\system\CodeIgniter.php(354): CodeIgniter\CodeIgniter->handleRequest(NULL, Object(Config\Cache), false)
#11 D:\laragon\www\UD.THJ\system\Boot.php(334): CodeIgniter\CodeIgniter->run()
#12 D:\laragon\www\UD.THJ\system\Boot.php(67): CodeIgniter\Boot::runCodeIgniter(Object(CodeIgniter\CodeIgniter))
#13 D:\laragon\www\UD.THJ\public\index.php(59): CodeIgniter\Boot::bootWeb(Object(Config\Paths))
#14 D:\laragon\www\UD.THJ\system\rewrite.php(44): require_once('D:\\laragon\\www\\...')
#15 {main}
ERROR - 2025-11-15 00:27:42 --> mysqli_sql_exception: Cannot add or update a child row: a foreign key constraint fails (`ud_thj_db`.`detail_penjualan`, CONSTRAINT `detail_id_penjualan_foreign` FOREIGN KEY (`id_penjualan`) REFERENCES `penjualan` (`id_penjualan`) ON DELETE CASCADE ON UPDATE CASCADE) in D:\laragon\www\UD.THJ\system\Database\MySQLi\Connection.php:327
Stack trace:
#0 D:\laragon\www\UD.THJ\system\Database\MySQLi\Connection.php(327): mysqli->query('INSERT INTO `de...', 0)
#1 D:\laragon\www\UD.THJ\system\Database\BaseConnection.php(738): CodeIgniter\Database\MySQLi\Connection->execute('INSERT INTO `de...')
#2 D:\laragon\www\UD.THJ\system\Database\BaseConnection.php(652): CodeIgniter\Database\BaseConnection->simpleQuery('INSERT INTO `de...')
#3 D:\laragon\www\UD.THJ\system\Database\BaseBuilder.php(1841): CodeIgniter\Database\BaseConnection->query('INSERT INTO `de...', NULL, false)
#4 D:\laragon\www\UD.THJ\system\Database\BaseBuilder.php(2230): CodeIgniter\Database\BaseBuilder->batchExecute('_insertBatch', 100)
#5 D:\laragon\www\UD.THJ\system\Model.php(428): CodeIgniter\Database\BaseBuilder->insertBatch(Array, NULL, 100)
#6 D:\laragon\www\UD.THJ\system\BaseModel.php(963): CodeIgniter\Model->doInsertBatch(Array, NULL, 100, false)
#7 D:\laragon\www\UD.THJ\app\Controllers\PenjualanController.php(144): CodeIgniter\BaseModel->insertBatch(Array)
#8 D:\laragon\www\UD.THJ\system\CodeIgniter.php(933): App\Controllers\PenjualanController->store_penjualan()
#9 D:\laragon\www\UD.THJ\system\CodeIgniter.php(507): CodeIgniter\CodeIgniter->runController(Object(App\Controllers\PenjualanController))
#10 D:\laragon\www\UD.THJ\system\CodeIgniter.php(354): CodeIgniter\CodeIgniter->handleRequest(NULL, Object(Config\Cache), false)
#11 D:\laragon\www\UD.THJ\system\Boot.php(334): CodeIgniter\CodeIgniter->run()
#12 D:\laragon\www\UD.THJ\system\Boot.php(67): CodeIgniter\Boot::runCodeIgniter(Object(CodeIgniter\CodeIgniter))
#13 D:\laragon\www\UD.THJ\public\index.php(59): CodeIgniter\Boot::bootWeb(Object(Config\Paths))
#14 D:\laragon\www\UD.THJ\system\rewrite.php(44): require_once('D:\\laragon\\www\\...')
#15 {main}
ERROR - 2025-11-15 00:29:49 --> mysqli_sql_exception: Failed to open the referenced table 'pelanggan' in D:\laragon\www\UD.THJ\system\Database\MySQLi\Connection.php:327
Stack trace:
#0 D:\laragon\www\UD.THJ\system\Database\MySQLi\Connection.php(327): mysqli->query('CREATE TABLE `p...', 0)
#1 D:\laragon\www\UD.THJ\system\Database\BaseConnection.php(738): CodeIgniter\Database\MySQLi\Connection->execute('CREATE TABLE `p...')
#2 D:\laragon\www\UD.THJ\system\Database\BaseConnection.php(652): CodeIgniter\Database\BaseConnection->simpleQuery('CREATE TABLE `p...')
#3 D:\laragon\www\UD.THJ\system\Database\Forge.php(570): CodeIgniter\Database\BaseConnection->query('CREATE TABLE `p...')
#4 D:\laragon\www\UD.THJ\app\Database\Migrations\2025-11-06-085842_CreatePenjualanTable.php(52): CodeIgniter\Database\Forge->createTable('penjualan')
#5 D:\laragon\www\UD.THJ\system\Database\MigrationRunner.php(876): App\Database\Migrations\CreatePenjualanTable->up()
#6 D:\laragon\www\UD.THJ\system\Database\MigrationRunner.php(182): CodeIgniter\Database\MigrationRunner->migrate('up', Object(stdClass))
#7 D:\laragon\www\UD.THJ\system\Commands\Database\Migrate.php(85): CodeIgniter\Database\MigrationRunner->latest(NULL)
#8 D:\laragon\www\UD.THJ\system\CLI\Commands.php(74): CodeIgniter\Commands\Database\Migrate->run(Array)
#9 D:\laragon\www\UD.THJ\system\CLI\BaseCommand.php(119): CodeIgniter\CLI\Commands->run('migrate', Array)
#10 D:\laragon\www\UD.THJ\system\Commands\Database\MigrateRefresh.php(87): CodeIgniter\CLI\BaseCommand->call('migrate', Array)
#11 D:\laragon\www\UD.THJ\system\CLI\Commands.php(74): CodeIgniter\Commands\Database\MigrateRefresh->run(Array)
#12 D:\laragon\www\UD.THJ\system\CLI\Console.php(47): CodeIgniter\CLI\Commands->run('migrate:refresh', Array)
#13 D:\laragon\www\UD.THJ\system\Boot.php(360): CodeIgniter\CLI\Console->run()
#14 D:\laragon\www\UD.THJ\system\Boot.php(104): CodeIgniter\Boot::runCommand(Object(CodeIgniter\CLI\Console))
#15 D:\laragon\www\UD.THJ\spark(87): CodeIgniter\Boot::bootSpark(Object(Config\Paths))
#16 {main}
DEBUG - 2025-11-15 00:33:19 --> Session: Class initialized using 'CodeIgniter\Session\Handlers\FileHandler' driver.
ERROR - 2025-11-15 00:33:19 --> mysqli_sql_exception: Table 'ud_thj_db.penjualan' doesn't exist in D:\laragon\www\UD.THJ\system\Database\MySQLi\Connection.php:327
Stack trace:
#0 D:\laragon\www\UD.THJ\system\Database\MySQLi\Connection.php(327): mysqli->query('INSERT INTO `pe...', 0)
#1 D:\laragon\www\UD.THJ\system\Database\BaseConnection.php(738): CodeIgniter\Database\MySQLi\Connection->execute('INSERT INTO `pe...')
#2 D:\laragon\www\UD.THJ\system\Database\BaseConnection.php(652): CodeIgniter\Database\BaseConnection->simpleQuery('INSERT INTO `pe...')
#3 D:\laragon\www\UD.THJ\system\Database\BaseBuilder.php(2345): CodeIgniter\Database\BaseConnection->query('INSERT INTO `pe...', Array, false)
#4 D:\laragon\www\UD.THJ\system\Model.php(394): CodeIgniter\Database\BaseBuilder->insert()
#5 D:\laragon\www\UD.THJ\system\BaseModel.php(843): CodeIgniter\Model->doInsert(Array)
#6 D:\laragon\www\UD.THJ\system\Model.php(800): CodeIgniter\BaseModel->insert(Array, true)
#7 D:\laragon\www\UD.THJ\app\Controllers\PenjualanController.php(120): CodeIgniter\Model->insert(Array)
#8 D:\laragon\www\UD.THJ\system\CodeIgniter.php(933): App\Controllers\PenjualanController->store_penjualan()
#9 D:\laragon\www\UD.THJ\system\CodeIgniter.php(507): CodeIgniter\CodeIgniter->runController(Object(App\Controllers\PenjualanController))
#10 D:\laragon\www\UD.THJ\system\CodeIgniter.php(354): CodeIgniter\CodeIgniter->handleRequest(NULL, Object(Config\Cache), false)
#11 D:\laragon\www\UD.THJ\system\Boot.php(334): CodeIgniter\CodeIgniter->run()
#12 D:\laragon\www\UD.THJ\system\Boot.php(67): CodeIgniter\Boot::runCodeIgniter(Object(CodeIgniter\CodeIgniter))
#13 D:\laragon\www\UD.THJ\public\index.php(59): CodeIgniter\Boot::bootWeb(Object(Config\Paths))
#14 D:\laragon\www\UD.THJ\system\rewrite.php(44): require_once('D:\\laragon\\www\\...')
#15 {main}
ERROR - 2025-11-15 00:33:19 --> mysqli_sql_exception: Table 'ud_thj_db.detail_penjualan' doesn't exist in D:\laragon\www\UD.THJ\system\Database\MySQLi\Connection.php:327
Stack trace:
#0 D:\laragon\www\UD.THJ\system\Database\MySQLi\Connection.php(327): mysqli->query('INSERT INTO `de...', 0)
#1 D:\laragon\www\UD.THJ\system\Database\BaseConnection.php(738): CodeIgniter\Database\MySQLi\Connection->execute('INSERT INTO `de...')
#2 D:\laragon\www\UD.THJ\system\Database\BaseConnection.php(652): CodeIgniter\Database\BaseConnection->simpleQuery('INSERT INTO `de...')
#3 D:\laragon\www\UD.THJ\system\Database\BaseBuilder.php(1841): CodeIgniter\Database\BaseConnection->query('INSERT INTO `de...', NULL, false)
#4 D:\laragon\www\UD.THJ\system\Database\BaseBuilder.php(2230): CodeIgniter\Database\BaseBuilder->batchExecute('_insertBatch', 100)
#5 D:\laragon\www\UD.THJ\system\Model.php(428): CodeIgniter\Database\BaseBuilder->insertBatch(Array, NULL, 100)
#6 D:\laragon\www\UD.THJ\system\BaseModel.php(963): CodeIgniter\Model->doInsertBatch(Array, NULL, 100, false)
#7 D:\laragon\www\UD.THJ\app\Controllers\PenjualanController.php(144): CodeIgniter\BaseModel->insertBatch(Array)
#8 D:\laragon\www\UD.THJ\system\CodeIgniter.php(933): App\Controllers\PenjualanController->store_penjualan()
#9 D:\laragon\www\UD.THJ\system\CodeIgniter.php(507): CodeIgniter\CodeIgniter->runController(Object(App\Controllers\PenjualanController))
#10 D:\laragon\www\UD.THJ\system\CodeIgniter.php(354): CodeIgniter\CodeIgniter->handleRequest(NULL, Object(Config\Cache), false)
#11 D:\laragon\www\UD.THJ\system\Boot.php(334): CodeIgniter\CodeIgniter->run()
#12 D:\laragon\www\UD.THJ\system\Boot.php(67): CodeIgniter\Boot::runCodeIgniter(Object(CodeIgniter\CodeIgniter))
#13 D:\laragon\www\UD.THJ\public\index.php(59): CodeIgniter\Boot::bootWeb(Object(Config\Paths))
#14 D:\laragon\www\UD.THJ\system\rewrite.php(44): require_once('D:\\laragon\\www\\...')
#15 {main}
DEBUG - 2025-11-15 00:34:08 --> Session: Class initialized using 'CodeIgniter\Session\Handlers\FileHandler' driver.
DEBUG - 2025-11-15 00:34:10 --> Session: Class initialized using 'CodeIgniter\Session\Handlers\FileHandler' driver.
DEBUG - 2025-11-15 00:34:12 --> Session: Class initialized using 'CodeIgniter\Session\Handlers\FileHandler' driver.
DEBUG - 2025-11-15 00:34:13 --> Session: Class initialized using 'CodeIgniter\Session\Handlers\FileHandler' driver.
DEBUG - 2025-11-15 00:34:13 --> Session: Class initialized using 'CodeIgniter\Session\Handlers\FileHandler' driver.
DEBUG - 2025-11-15 00:34:13 --> Session: Class initialized using 'CodeIgniter\Session\Handlers\FileHandler' driver.
DEBUG - 2025-11-15 00:34:14 --> Session: Class initialized using 'CodeIgniter\Session\Handlers\FileHandler' driver.
DEBUG - 2025-11-15 00:34:45 --> Session: Class initialized using 'CodeIgniter\Session\Handlers\FileHandler' driver.
DEBUG - 2025-11-15 00:34:51 --> Session: Class initialized using 'CodeIgniter\Session\Handlers\FileHandler' driver.
DEBUG - 2025-11-15 00:35:03 --> Session: Class initialized using 'CodeIgniter\Session\Handlers\FileHandler' driver.
DEBUG - 2025-11-15 00:35:05 --> Session: Class initialized using 'CodeIgniter\Session\Handlers\FileHandler' driver.
DEBUG - 2025-11-15 00:35:08 --> Session: Class initialized using 'CodeIgniter\Session\Handlers\FileHandler' driver.
ERROR - 2025-11-15 00:35:08 --> mysqli_sql_exception: Unknown column 'metode_pembayaran' in 'field list' in D:\laragon\www\UD.THJ\system\Database\MySQLi\Connection.php:327
Stack trace:
#0 D:\laragon\www\UD.THJ\system\Database\MySQLi\Connection.php(327): mysqli->query('INSERT INTO `pe...', 0)
#1 D:\laragon\www\UD.THJ\system\Database\BaseConnection.php(738): CodeIgniter\Database\MySQLi\Connection->execute('INSERT INTO `pe...')
#2 D:\laragon\www\UD.THJ\system\Database\BaseConnection.php(652): CodeIgniter\Database\BaseConnection->simpleQuery('INSERT INTO `pe...')
#3 D:\laragon\www\UD.THJ\system\Database\BaseBuilder.php(2345): CodeIgniter\Database\BaseConnection->query('INSERT INTO `pe...', Array, false)
#4 D:\laragon\www\UD.THJ\system\Model.php(394): CodeIgniter\Database\BaseBuilder->insert()
#5 D:\laragon\www\UD.THJ\system\BaseModel.php(843): CodeIgniter\Model->doInsert(Array)
#6 D:\laragon\www\UD.THJ\system\Model.php(800): CodeIgniter\BaseModel->insert(Array, true)
#7 D:\laragon\www\UD.THJ\app\Controllers\PenjualanController.php(120): CodeIgniter\Model->insert(Array)
#8 D:\laragon\www\UD.THJ\system\CodeIgniter.php(933): App\Controllers\PenjualanController->store_penjualan()
#9 D:\laragon\www\UD.THJ\system\CodeIgniter.php(507): CodeIgniter\CodeIgniter->runController(Object(App\Controllers\PenjualanController))
#10 D:\laragon\www\UD.THJ\system\CodeIgniter.php(354): CodeIgniter\CodeIgniter->handleRequest(NULL, Object(Config\Cache), false)
#11 D:\laragon\www\UD.THJ\system\Boot.php(334): CodeIgniter\CodeIgniter->run()
#12 D:\laragon\www\UD.THJ\system\Boot.php(67): CodeIgniter\Boot::runCodeIgniter(Object(CodeIgniter\CodeIgniter))
#13 D:\laragon\www\UD.THJ\public\index.php(59): CodeIgniter\Boot::bootWeb(Object(Config\Paths))
#14 D:\laragon\www\UD.THJ\system\rewrite.php(44): require_once('D:\\laragon\\www\\...')
#15 {main}
ERROR - 2025-11-15 00:35:08 --> mysqli_sql_exception: Cannot add or update a child row: a foreign key constraint fails (`ud_thj_db`.`detail_penjualan`, CONSTRAINT `detail_id_penjualan_foreign` FOREIGN KEY (`id_penjualan`) REFERENCES `penjualan` (`id_penjualan`) ON DELETE CASCADE ON UPDATE CASCADE) in D:\laragon\www\UD.THJ\system\Database\MySQLi\Connection.php:327
Stack trace:
#0 D:\laragon\www\UD.THJ\system\Database\MySQLi\Connection.php(327): mysqli->query('INSERT INTO `de...', 0)
#1 D:\laragon\www\UD.THJ\system\Database\BaseConnection.php(738): CodeIgniter\Database\MySQLi\Connection->execute('INSERT INTO `de...')
#2 D:\laragon\www\UD.THJ\system\Database\BaseConnection.php(652): CodeIgniter\Database\BaseConnection->simpleQuery('INSERT INTO `de...')
#3 D:\laragon\www\UD.THJ\system\Database\BaseBuilder.php(1841): CodeIgniter\Database\BaseConnection->query('INSERT INTO `de...', NULL, false)
#4 D:\laragon\www\UD.THJ\system\Database\BaseBuilder.php(2230): CodeIgniter\Database\BaseBuilder->batchExecute('_insertBatch', 100)
#5 D:\laragon\www\UD.THJ\system\Model.php(428): CodeIgniter\Database\BaseBuilder->insertBatch(Array, NULL, 100)
#6 D:\laragon\www\UD.THJ\system\BaseModel.php(963): CodeIgniter\Model->doInsertBatch(Array, NULL, 100, false)
#7 D:\laragon\www\UD.THJ\app\Controllers\PenjualanController.php(144): CodeIgniter\BaseModel->insertBatch(Array)
#8 D:\laragon\www\UD.THJ\system\CodeIgniter.php(933): App\Controllers\PenjualanController->store_penjualan()
#9 D:\laragon\www\UD.THJ\system\CodeIgniter.php(507): CodeIgniter\CodeIgniter->runController(Object(App\Controllers\PenjualanController))
#10 D:\laragon\www\UD.THJ\system\CodeIgniter.php(354): CodeIgniter\CodeIgniter->handleRequest(NULL, Object(Config\Cache), false)
#11 D:\laragon\www\UD.THJ\system\Boot.php(334): CodeIgniter\CodeIgniter->run()
#12 D:\laragon\www\UD.THJ\system\Boot.php(67): CodeIgniter\Boot::runCodeIgniter(Object(CodeIgniter\CodeIgniter))
#13 D:\laragon\www\UD.THJ\public\index.php(59): CodeIgniter\Boot::bootWeb(Object(Config\Paths))
#14 D:\laragon\www\UD.THJ\system\rewrite.php(44): require_once('D:\\laragon\\www\\...')
#15 {main}
DEBUG - 2025-11-15 00:42:35 --> Session: Class initialized using 'CodeIgniter\Session\Handlers\FileHandler' driver.
DEBUG - 2025-11-15 00:42:37 --> Session: Class initialized using 'CodeIgniter\Session\Handlers\FileHandler' driver.
DEBUG - 2025-11-15 00:42:37 --> Session: Class initialized using 'CodeIgniter\Session\Handlers\FileHandler' driver.
DEBUG - 2025-11-15 00:42:37 --> Session: Class initialized using 'CodeIgniter\Session\Handlers\FileHandler' driver.
DEBUG - 2025-11-15 00:42:39 --> Session: Class initialized using 'CodeIgniter\Session\Handlers\FileHandler' driver.
DEBUG - 2025-11-15 00:42:40 --> Session: Class initialized using 'CodeIgniter\Session\Handlers\FileHandler' driver.
DEBUG - 2025-11-15 00:42:52 --> Session: Class initialized using 'CodeIgniter\Session\Handlers\FileHandler' driver.
DEBUG - 2025-11-15 00:42:55 --> Session: Class initialized using 'CodeIgniter\Session\Handlers\FileHandler' driver.
DEBUG - 2025-11-15 00:42:57 --> Session: Class initialized using 'CodeIgniter\Session\Handlers\FileHandler' driver.
ERROR - 2025-11-15 00:42:57 --> mysqli_sql_exception: Unknown column 'metode_pembayaran' in 'field list' in D:\laragon\www\UD.THJ\system\Database\MySQLi\Connection.php:327
Stack trace:
#0 D:\laragon\www\UD.THJ\system\Database\MySQLi\Connection.php(327): mysqli->query('INSERT INTO `pe...', 0)
#1 D:\laragon\www\UD.THJ\system\Database\BaseConnection.php(738): CodeIgniter\Database\MySQLi\Connection->execute('INSERT INTO `pe...')
#2 D:\laragon\www\UD.THJ\system\Database\BaseConnection.php(652): CodeIgniter\Database\BaseConnection->simpleQuery('INSERT INTO `pe...')
#3 D:\laragon\www\UD.THJ\system\Database\BaseBuilder.php(2345): CodeIgniter\Database\BaseConnection->query('INSERT INTO `pe...', Array, false)
#4 D:\laragon\www\UD.THJ\system\Model.php(394): CodeIgniter\Database\BaseBuilder->insert()
#5 D:\laragon\www\UD.THJ\system\BaseModel.php(843): CodeIgniter\Model->doInsert(Array)
#6 D:\laragon\www\UD.THJ\system\Model.php(800): CodeIgniter\BaseModel->insert(Array, true)
#7 D:\laragon\www\UD.THJ\app\Controllers\PenjualanController.php(120): CodeIgniter\Model->insert(Array)
#8 D:\laragon\www\UD.THJ\system\CodeIgniter.php(933): App\Controllers\PenjualanController->store_penjualan()
#9 D:\laragon\www\UD.THJ\system\CodeIgniter.php(507): CodeIgniter\CodeIgniter->runController(Object(App\Controllers\PenjualanController))
#10 D:\laragon\www\UD.THJ\system\CodeIgniter.php(354): CodeIgniter\CodeIgniter->handleRequest(NULL, Object(Config\Cache), false)
#11 D:\laragon\www\UD.THJ\system\Boot.php(334): CodeIgniter\CodeIgniter->run()
#12 D:\laragon\www\UD.THJ\system\Boot.php(67): CodeIgniter\Boot::runCodeIgniter(Object(CodeIgniter\CodeIgniter))
#13 D:\laragon\www\UD.THJ\public\index.php(59): CodeIgniter\Boot::bootWeb(Object(Config\Paths))
#14 D:\laragon\www\UD.THJ\system\rewrite.php(44): require_once('D:\\laragon\\www\\...')
#15 {main}
DEBUG - 2025-11-15 00:48:19 --> Session: Class initialized using 'CodeIgniter\Session\Handlers\FileHandler' driver.
DEBUG - 2025-11-15 00:48:20 --> Session: Class initialized using 'CodeIgniter\Session\Handlers\FileHandler' driver.
DEBUG - 2025-11-15 00:48:24 --> Session: Class initialized using 'CodeIgniter\Session\Handlers\FileHandler' driver.
DEBUG - 2025-11-15 00:48:36 --> Session: Class initialized using 'CodeIgniter\Session\Handlers\FileHandler' driver.
DEBUG - 2025-11-15 00:48:40 --> Session: Class initialized using 'CodeIgniter\Session\Handlers\FileHandler' driver.
ERROR - 2025-11-15 00:48:40 --> mysqli_sql_exception: Unknown column 'metode_pembayaran' in 'field list' in D:\laragon\www\UD.THJ\system\Database\MySQLi\Connection.php:327
Stack trace:
#0 D:\laragon\www\UD.THJ\system\Database\MySQLi\Connection.php(327): mysqli->query('INSERT INTO `pe...', 0)
#1 D:\laragon\www\UD.THJ\system\Database\BaseConnection.php(738): CodeIgniter\Database\MySQLi\Connection->execute('INSERT INTO `pe...')
#2 D:\laragon\www\UD.THJ\system\Database\BaseConnection.php(652): CodeIgniter\Database\BaseConnection->simpleQuery('INSERT INTO `pe...')
#3 D:\laragon\www\UD.THJ\system\Database\BaseBuilder.php(2345): CodeIgniter\Database\BaseConnection->query('INSERT INTO `pe...', Array, false)
#4 D:\laragon\www\UD.THJ\system\Model.php(394): CodeIgniter\Database\BaseBuilder->insert()
#5 D:\laragon\www\UD.THJ\system\BaseModel.php(843): CodeIgniter\Model->doInsert(Array)
#6 D:\laragon\www\UD.THJ\system\Model.php(800): CodeIgniter\BaseModel->insert(Array, true)
#7 D:\laragon\www\UD.THJ\app\Controllers\PenjualanController.php(120): CodeIgniter\Model->insert(Array)
#8 D:\laragon\www\UD.THJ\system\CodeIgniter.php(933): App\Controllers\PenjualanController->store_penjualan()
#9 D:\laragon\www\UD.THJ\system\CodeIgniter.php(507): CodeIgniter\CodeIgniter->runController(Object(App\Controllers\PenjualanController))
#10 D:\laragon\www\UD.THJ\system\CodeIgniter.php(354): CodeIgniter\CodeIgniter->handleRequest(NULL, Object(Config\Cache), false)
#11 D:\laragon\www\UD.THJ\system\Boot.php(334): CodeIgniter\CodeIgniter->run()
#12 D:\laragon\www\UD.THJ\system\Boot.php(67): CodeIgniter\Boot::runCodeIgniter(Object(CodeIgniter\CodeIgniter))
#13 D:\laragon\www\UD.THJ\public\index.php(59): CodeIgniter\Boot::bootWeb(Object(Config\Paths))
#14 D:\laragon\www\UD.THJ\system\rewrite.php(44): require_once('D:\\laragon\\www\\...')
#15 {main}
DEBUG - 2025-11-15 00:51:14 --> Session: Class initialized using 'CodeIgniter\Session\Handlers\FileHandler' driver.
DEBUG - 2025-11-15 00:51:15 --> Session: Class initialized using 'CodeIgniter\Session\Handlers\FileHandler' driver.
DEBUG - 2025-11-15 00:51:17 --> Session: Class initialized using 'CodeIgniter\Session\Handlers\FileHandler' driver.
DEBUG - 2025-11-15 00:51:21 --> Session: Class initialized using 'CodeIgniter\Session\Handlers\FileHandler' driver.
DEBUG - 2025-11-15 00:51:21 --> Session: Class initialized using 'CodeIgniter\Session\Handlers\FileHandler' driver.
DEBUG - 2025-11-15 00:51:24 --> Session: Class initialized using 'CodeIgniter\Session\Handlers\FileHandler' driver.
CRITICAL - 2025-11-15 00:51:24 --> ErrorException: Undefined array key "metode_pembayaran"
[Method: GET, Route: karyawan/riwayat_penjualan]
in APPPATH\Views\penjualan\riwayat_penjualan.php on line 73.
 1 APPPATH\Views\penjualan\riwayat_penjualan.php(73): CodeIgniter\Debug\Exceptions->errorHandler(2, 'Undefined array key "metode_pembayaran"', 'D:\\laragon\\www\\UD.THJ\\app\\Views\\penjualan\\riwayat_penjualan.php', 73)
 2 SYSTEMPATH\View\View.php(224): include('D:\\laragon\\www\\UD.THJ\\app\\Views\\penjualan\\riwayat_penjualan.php')
 3 SYSTEMPATH\View\View.php(227): CodeIgniter\View\View->CodeIgniter\View\{closure}()
 4 SYSTEMPATH\Common.php(1173): CodeIgniter\View\View->render('penjualan/riwayat_penjualan', [], true)
 5 APPPATH\Controllers\PenjualanController.php(53): view('penjualan/riwayat_penjualan', [...])
 6 SYSTEMPATH\CodeIgniter.php(933): App\Controllers\PenjualanController->riwayat_penjualan()
 7 SYSTEMPATH\CodeIgniter.php(507): CodeIgniter\CodeIgniter->runController(Object(App\Controllers\PenjualanController))
 8 SYSTEMPATH\CodeIgniter.php(354): CodeIgniter\CodeIgniter->handleRequest(null, Object(Config\Cache), false)
 9 SYSTEMPATH\Boot.php(334): CodeIgniter\CodeIgniter->run()
10 SYSTEMPATH\Boot.php(67): CodeIgniter\Boot::runCodeIgniter(Object(CodeIgniter\CodeIgniter))
11 FCPATH\index.php(59): CodeIgniter\Boot::bootWeb(Object(Config\Paths))
12 SYSTEMPATH\rewrite.php(44): require_once('D:\\laragon\\www\\UD.THJ\\public\\index.php')
DEBUG - 2025-11-15 00:58:26 --> Session: Class initialized using 'CodeIgniter\Session\Handlers\FileHandler' driver.
CRITICAL - 2025-11-15 00:58:26 --> ErrorException: Undefined array key "metode_pembayaran"
[Method: GET, Route: karyawan/riwayat_penjualan]
in APPPATH\Views\penjualan\riwayat_penjualan.php on line 73.
 1 APPPATH\Views\penjualan\riwayat_penjualan.php(73): CodeIgniter\Debug\Exceptions->errorHandler(2, 'Undefined array key "metode_pembayaran"', 'D:\\laragon\\www\\UD.THJ\\app\\Views\\penjualan\\riwayat_penjualan.php', 73)
 2 SYSTEMPATH\View\View.php(224): include('D:\\laragon\\www\\UD.THJ\\app\\Views\\penjualan\\riwayat_penjualan.php')
 3 SYSTEMPATH\View\View.php(227): CodeIgniter\View\View->CodeIgniter\View\{closure}()
 4 SYSTEMPATH\Common.php(1173): CodeIgniter\View\View->render('penjualan/riwayat_penjualan', [], true)
 5 APPPATH\Controllers\PenjualanController.php(53): view('penjualan/riwayat_penjualan', [...])
 6 SYSTEMPATH\CodeIgniter.php(933): App\Controllers\PenjualanController->riwayat_penjualan()
 7 SYSTEMPATH\CodeIgniter.php(507): CodeIgniter\CodeIgniter->runController(Object(App\Controllers\PenjualanController))
 8 SYSTEMPATH\CodeIgniter.php(354): CodeIgniter\CodeIgniter->handleRequest(null, Object(Config\Cache), false)
 9 SYSTEMPATH\Boot.php(334): CodeIgniter\CodeIgniter->run()
10 SYSTEMPATH\Boot.php(67): CodeIgniter\Boot::runCodeIgniter(Object(CodeIgniter\CodeIgniter))
11 FCPATH\index.php(59): CodeIgniter\Boot::bootWeb(Object(Config\Paths))
12 SYSTEMPATH\rewrite.php(44): require_once('D:\\laragon\\www\\UD.THJ\\public\\index.php')
DEBUG - 2025-11-15 00:58:28 --> Session: Class initialized using 'CodeIgniter\Session\Handlers\FileHandler' driver.
CRITICAL - 2025-11-15 00:58:28 --> ErrorException: Undefined array key "metode_pembayaran"
[Method: GET, Route: karyawan/riwayat_penjualan]
in APPPATH\Views\penjualan\riwayat_penjualan.php on line 73.
 1 APPPATH\Views\penjualan\riwayat_penjualan.php(73): CodeIgniter\Debug\Exceptions->errorHandler(2, 'Undefined array key "metode_pembayaran"', 'D:\\laragon\\www\\UD.THJ\\app\\Views\\penjualan\\riwayat_penjualan.php', 73)
 2 SYSTEMPATH\View\View.php(224): include('D:\\laragon\\www\\UD.THJ\\app\\Views\\penjualan\\riwayat_penjualan.php')
 3 SYSTEMPATH\View\View.php(227): CodeIgniter\View\View->CodeIgniter\View\{closure}()
 4 SYSTEMPATH\Common.php(1173): CodeIgniter\View\View->render('penjualan/riwayat_penjualan', [], true)
 5 APPPATH\Controllers\PenjualanController.php(53): view('penjualan/riwayat_penjualan', [...])
 6 SYSTEMPATH\CodeIgniter.php(933): App\Controllers\PenjualanController->riwayat_penjualan()
 7 SYSTEMPATH\CodeIgniter.php(507): CodeIgniter\CodeIgniter->runController(Object(App\Controllers\PenjualanController))
 8 SYSTEMPATH\CodeIgniter.php(354): CodeIgniter\CodeIgniter->handleRequest(null, Object(Config\Cache), false)
 9 SYSTEMPATH\Boot.php(334): CodeIgniter\CodeIgniter->run()
10 SYSTEMPATH\Boot.php(67): CodeIgniter\Boot::runCodeIgniter(Object(CodeIgniter\CodeIgniter))
11 FCPATH\index.php(59): CodeIgniter\Boot::bootWeb(Object(Config\Paths))
12 SYSTEMPATH\rewrite.php(44): require_once('D:\\laragon\\www\\UD.THJ\\public\\index.php')
DEBUG - 2025-11-15 00:58:29 --> Session: Class initialized using 'CodeIgniter\Session\Handlers\FileHandler' driver.
DEBUG - 2025-11-15 00:58:31 --> Session: Class initialized using 'CodeIgniter\Session\Handlers\FileHandler' driver.
DEBUG - 2025-11-15 00:58:48 --> Session: Class initialized using 'CodeIgniter\Session\Handlers\FileHandler' driver.
DEBUG - 2025-11-15 00:58:49 --> Session: Class initialized using 'CodeIgniter\Session\Handlers\FileHandler' driver.
DEBUG - 2025-11-15 00:58:51 --> Session: Class initialized using 'CodeIgniter\Session\Handlers\FileHandler' driver.
ERROR - 2025-11-15 00:58:51 --> mysqli_sql_exception: Unknown column 'metode_pembayaran' in 'field list' in D:\laragon\www\UD.THJ\system\Database\MySQLi\Connection.php:327
Stack trace:
#0 D:\laragon\www\UD.THJ\system\Database\MySQLi\Connection.php(327): mysqli->query('INSERT INTO `pe...', 0)
#1 D:\laragon\www\UD.THJ\system\Database\BaseConnection.php(738): CodeIgniter\Database\MySQLi\Connection->execute('INSERT INTO `pe...')
#2 D:\laragon\www\UD.THJ\system\Database\BaseConnection.php(652): CodeIgniter\Database\BaseConnection->simpleQuery('INSERT INTO `pe...')
#3 D:\laragon\www\UD.THJ\system\Database\BaseBuilder.php(2345): CodeIgniter\Database\BaseConnection->query('INSERT INTO `pe...', Array, false)
#4 D:\laragon\www\UD.THJ\system\Model.php(394): CodeIgniter\Database\BaseBuilder->insert()
#5 D:\laragon\www\UD.THJ\system\BaseModel.php(843): CodeIgniter\Model->doInsert(Array)
#6 D:\laragon\www\UD.THJ\system\Model.php(800): CodeIgniter\BaseModel->insert(Array, true)
#7 D:\laragon\www\UD.THJ\app\Controllers\PenjualanController.php(120): CodeIgniter\Model->insert(Array)
#8 D:\laragon\www\UD.THJ\system\CodeIgniter.php(933): App\Controllers\PenjualanController->store_penjualan()
#9 D:\laragon\www\UD.THJ\system\CodeIgniter.php(507): CodeIgniter\CodeIgniter->runController(Object(App\Controllers\PenjualanController))
#10 D:\laragon\www\UD.THJ\system\CodeIgniter.php(354): CodeIgniter\CodeIgniter->handleRequest(NULL, Object(Config\Cache), false)
#11 D:\laragon\www\UD.THJ\system\Boot.php(334): CodeIgniter\CodeIgniter->run()
#12 D:\laragon\www\UD.THJ\system\Boot.php(67): CodeIgniter\Boot::runCodeIgniter(Object(CodeIgniter\CodeIgniter))
#13 D:\laragon\www\UD.THJ\public\index.php(59): CodeIgniter\Boot::bootWeb(Object(Config\Paths))
#14 D:\laragon\www\UD.THJ\system\rewrite.php(44): require_once('D:\\laragon\\www\\...')
#15 {main}
DEBUG - 2025-11-15 01:10:58 --> Session: Class initialized using 'CodeIgniter\Session\Handlers\FileHandler' driver.
DEBUG - 2025-11-15 01:11:00 --> Session: Class initialized using 'CodeIgniter\Session\Handlers\FileHandler' driver.
DEBUG - 2025-11-15 01:11:00 --> Session: Class initialized using 'CodeIgniter\Session\Handlers\FileHandler' driver.
DEBUG - 2025-11-15 01:11:00 --> Session: Class initialized using 'CodeIgniter\Session\Handlers\FileHandler' driver.
DEBUG - 2025-11-15 01:11:02 --> Session: Class initialized using 'CodeIgniter\Session\Handlers\FileHandler' driver.
DEBUG - 2025-11-15 01:11:04 --> Session: Class initialized using 'CodeIgniter\Session\Handlers\FileHandler' driver.
DEBUG - 2025-11-15 01:11:20 --> Session: Class initialized using 'CodeIgniter\Session\Handlers\FileHandler' driver.
DEBUG - 2025-11-15 01:11:27 --> Session: Class initialized using 'CodeIgniter\Session\Handlers\FileHandler' driver.
DEBUG - 2025-11-15 01:11:27 --> Session: Class initialized using 'CodeIgniter\Session\Handlers\FileHandler' driver.
DEBUG - 2025-11-15 01:11:30 --> Session: Class initialized using 'CodeIgniter\Session\Handlers\FileHandler' driver.
DEBUG - 2025-11-15 01:11:32 --> Session: Class initialized using 'CodeIgniter\Session\Handlers\FileHandler' driver.
DEBUG - 2025-11-15 01:11:32 --> Session: Class initialized using 'CodeIgniter\Session\Handlers\FileHandler' driver.
DEBUG - 2025-11-15 01:11:36 --> Session: Class initialized using 'CodeIgniter\Session\Handlers\FileHandler' driver.
DEBUG - 2025-11-15 01:11:42 --> Session: Class initialized using 'CodeIgniter\Session\Handlers\FileHandler' driver.
DEBUG - 2025-11-15 01:11:45 --> Session: Class initialized using 'CodeIgniter\Session\Handlers\FileHandler' driver.
DEBUG - 2025-11-15 01:11:52 --> Session: Class initialized using 'CodeIgniter\Session\Handlers\FileHandler' driver.
DEBUG - 2025-11-15 01:11:52 --> Session: Class initialized using 'CodeIgniter\Session\Handlers\FileHandler' driver.
DEBUG - 2025-11-15 01:11:55 --> Session: Class initialized using 'CodeIgniter\Session\Handlers\FileHandler' driver.
DEBUG - 2025-11-15 01:11:57 --> Session: Class initialized using 'CodeIgniter\Session\Handlers\FileHandler' driver.
DEBUG - 2025-11-15 01:12:00 --> Session: Class initialized using 'CodeIgniter\Session\Handlers\FileHandler' driver.
DEBUG - 2025-11-15 01:12:02 --> Session: Class initialized using 'CodeIgniter\Session\Handlers\FileHandler' driver.
DEBUG - 2025-11-15 01:12:11 --> Session: Class initialized using 'CodeIgniter\Session\Handlers\FileHandler' driver.
DEBUG - 2025-11-15 01:12:11 --> Session: Class initialized using 'CodeIgniter\Session\Handlers\FileHandler' driver.
DEBUG - 2025-11-15 01:12:16 --> Session: Class initialized using 'CodeIgniter\Session\Handlers\FileHandler' driver.
DEBUG - 2025-11-15 01:12:16 --> Session: Class initialized using 'CodeIgniter\Session\Handlers\FileHandler' driver.
DEBUG - 2025-11-15 01:12:19 --> Session: Class initialized using 'CodeIgniter\Session\Handlers\FileHandler' driver.
DEBUG - 2025-11-15 01:12:19 --> Session: Class initialized using 'CodeIgniter\Session\Handlers\FileHandler' driver.
DEBUG - 2025-11-15 01:12:19 --> Session: Class initialized using 'CodeIgniter\Session\Handlers\FileHandler' driver.
DEBUG - 2025-11-15 01:12:19 --> Session: Class initialized using 'CodeIgniter\Session\Handlers\FileHandler' driver.
